[2025-11-06 13:18:47] INFO: 🚀 Webhook server started on port 3000
[2025-11-06 13:18:49] ERROR: Failed to set webhook: 400: Bad Request: bad webhook: Failed to resolve host: Name or service not known
[2025-11-06 13:31:46] INFO: 🚀 Webhook server started on port 3000
[2025-11-06 13:31:49] ERROR: Failed to set webhook: 400: Bad Request: bad webhook: Failed to resolve host: Name or service not known
[2025-11-06 13:57:46] INFO: 🚀 Webhook server started on port 3000
[2025-11-06 13:57:48] ERROR: Failed to set webhook: 400: Bad Request: bad webhook: An HTTPS URL must be provided for webhook
[2025-11-06 13:58:16] INFO: 🚀 Webhook server started on port 3000
[2025-11-06 13:58:18] INFO: Webhook registered.
[2025-11-06 14:17:26] INFO: message | From: SM Htet (smhtet03 | 1616623408) | Message: /start
[2025-11-06 14:20:34] INFO: message | From: SM Htet (smhtet03 | 1616623408) | Message: /start
[2025-11-06 14:20:57] INFO: message | From: SM Htet (smhtet03 | 1616623408) | Message: /start
[2025-11-06 14:22:04] INFO: 🚀 Webhook server started on port 3000
[2025-11-06 14:22:06] INFO: Webhook registered.
[2025-11-06 14:22:11] INFO: message | From: SM Htet (smhtet03 | 1616623408) | Message: /start
[2025-11-06 14:22:43] INFO: message | From: SM Htet (smhtet03 | 1616623408) | Message: /start
[2025-11-06 14:25:49] INFO: 🚀 Webhook server started on port 3000
[2025-11-06 14:25:51] INFO: Webhook registered.
[2025-11-06 14:25:56] INFO: message | From: SM Htet (smhtet03 | 1616623408) | Message: /start
[2025-11-06 14:30:06] INFO: 🚀 Webhook server started on port 3000
[2025-11-06 14:30:08] INFO: Webhook registered.
[2025-11-06 14:30:27] INFO: message | From: SM Htet (smhtet03 | 1616623408) | Message: /start
[2025-11-06 14:30:28] INFO: message | From: SM Htet (smhtet03 | 1616623408) | Message: /start
[2025-11-06 15:20:55] INFO: 🚀 Webhook server started on port 3000
[2025-11-06 15:20:57] INFO: Webhook registered.
[2025-11-06 15:21:18] INFO: message | From: SM Htet (smhtet03 | 1616623408) | Message: /start
[2025-11-06 15:21:18] ERROR: Bot error on message: ctx.replyWithMarkdown2 is not a function
[2025-11-06 15:21:44] INFO: 🚀 Webhook server started on port 3000
[2025-11-06 15:21:45] INFO: Webhook registered.
[2025-11-06 15:21:50] INFO: message | From: SM Htet (smhtet03 | 1616623408) | Message: /start
[2025-11-06 15:21:55] INFO: callback_query | From: SM Htet (smhtet03 | 1616623408) | Message: buy
[2025-11-06 15:21:55] ERROR: Callback handling error: userId is not defined
[2025-11-06 15:22:30] INFO: 🚀 Webhook server started on port 3000
[2025-11-06 15:22:32] INFO: Webhook registered.
[2025-11-06 15:22:41] INFO: message | From: SM Htet (smhtet03 | 1616623408) | Message: /start
[2025-11-06 15:22:43] INFO: callback_query | From: SM Htet (smhtet03 | 1616623408) | Message: buy
[2025-11-06 15:22:43] ERROR: Callback handling error: userStates is not defined
[2025-11-06 15:23:12] INFO: 🚀 Webhook server started on port 3000
[2025-11-06 15:23:13] INFO: Webhook registered.
[2025-11-06 15:23:19] INFO: message | From: SM Htet (smhtet03 | 1616623408) | Message: /start
[2025-11-06 15:23:21] INFO: callback_query | From: SM Htet (smhtet03 | 1616623408) | Message: buy
[2025-11-06 15:23:21] ERROR: Error fetching products: Missing required parameters: spreadsheetId
[2025-11-06 15:23:54] INFO: 🚀 Webhook server started on port 3000
[2025-11-06 15:23:56] INFO: Webhook registered.
[2025-11-06 15:24:00] INFO: message | From: SM Htet (smhtet03 | 1616623408) | Message: /start
[2025-11-06 15:24:03] INFO: callback_query | From: SM Htet (smhtet03 | 1616623408) | Message: buy
[2025-11-06 15:24:03] ERROR: Error fetching products: ENOENT: no such file or directory, open 'C:\Work\test\telegram-bot\AIzaSyBWvwF-Rx0JkG2pWt9Feb2GpjEyvqbQORU'
[2025-11-06 15:27:59] INFO: 🚀 Webhook server started on port 3000
[2025-11-06 15:28:01] INFO: Webhook registered.
[2025-11-06 15:28:10] INFO: message | From: SM Htet (smhtet03 | 1616623408) | Message: /start
[2025-11-06 15:28:12] INFO: callback_query | From: SM Htet (smhtet03 | 1616623408) | Message: buy
[2025-11-06 15:28:12] ERROR: Error fetching products: ENOENT: no such file or directory, open 'C:\Work\test\telegram-bot\AIzaSyBWvwF-Rx0JkG2pWt9Feb2GpjEyvqbQORU'
[2025-11-06 15:29:20] INFO: 🚀 Webhook server started on port 3000
[2025-11-06 15:29:22] INFO: Webhook registered.
[2025-11-06 15:29:26] INFO: message | From: SM Htet (smhtet03 | 1616623408) | Message: /start
[2025-11-06 15:29:30] INFO: callback_query | From: SM Htet (smhtet03 | 1616623408) | Message: buy
[2025-11-06 15:29:33] ERROR: Error fetching products: Google Sheets API has not been used in project 746941719306 before or it is disabled. Enable it by visiting https://console.developers.google.com/apis/api/sheets.googleapis.com/overview?project=746941719306 then retry. If you enabled this API recently, wait a few minutes for the action to propagate to our systems and retry.
[2025-11-06 15:30:41] INFO: callback_query | From: SM Htet (smhtet03 | 1616623408) | Message: buy
[2025-11-06 15:42:34] INFO: message | From: SM Htet (smhtet03 | 1616623408) | Message: /start
[2025-11-06 15:42:36] INFO: callback_query | From: SM Htet (smhtet03 | 1616623408) | Message: buy
[2025-11-06 16:11:25] INFO: 🚀 Webhook server started on port 3000
[2025-11-06 16:11:27] INFO: Webhook registered.
[2025-11-06 16:11:46] INFO: message | From: SM Htet (smhtet03 | 1616623408) | Message: /start
[2025-11-06 16:11:49] INFO: callback_query | From: SM Htet (smhtet03 | 1616623408) | Message: buy
[2025-11-06 16:11:52] ERROR: Error fetching products: Requested entity was not found.
[2025-11-06 16:12:32] INFO: 🚀 Webhook server started on port 3000
[2025-11-06 16:12:33] INFO: Webhook registered.
[2025-11-06 16:12:40] INFO: callback_query | From: SM Htet (smhtet03 | 1616623408) | Message: buy
[2025-11-06 16:12:42] ERROR: Error fetching products: Requested entity was not found.
[2025-11-06 16:12:55] INFO: 🚀 Webhook server started on port 3000
[2025-11-06 16:12:57] INFO: 🚀 Webhook server started on port 3000
[2025-11-06 16:12:59] INFO: Webhook registered.
[2025-11-06 16:13:05] INFO: callback_query | From: SM Htet (smhtet03 | 1616623408) | Message: buy
[2025-11-06 16:13:07] ERROR: Callback handling error: Requested entity was not found.
[2025-11-06 16:13:26] INFO: 🚀 Webhook server started on port 3000
[2025-11-06 16:13:27] INFO: Webhook registered.
[2025-11-06 16:13:31] INFO: callback_query | From: SM Htet (smhtet03 | 1616623408) | Message: buy
[2025-11-06 16:13:33] ERROR: Callback handling error: Requested entity was not found.
[2025-11-06 16:14:11] INFO: 🚀 Webhook server started on port 3000
[2025-11-06 16:14:12] INFO: Webhook registered.
[2025-11-06 16:14:52] INFO: 🚀 Webhook server started on port 3000
[2025-11-06 16:14:53] INFO: Webhook registered.
[2025-11-06 16:15:23] INFO: 🚀 Webhook server started on port 3000
[2025-11-06 16:15:24] INFO: Webhook registered.
[2025-11-06 16:15:26] INFO: callback_query | From: SM Htet (smhtet03 | 1616623408) | Message: buy
[2025-11-06 16:15:29] ERROR: Error fetching products: Requested entity was not found.
[2025-11-06 16:15:29] ERROR: Error fetching products: Requested entity was not found.
[2025-11-06 16:15:40] INFO: 🚀 Webhook server started on port 3000
[2025-11-06 16:15:41] INFO: Webhook registered.
[2025-11-06 16:15:43] INFO: callback_query | From: SM Htet (smhtet03 | 1616623408) | Message: buy
[2025-11-06 16:15:46] ERROR: Error fetching products: Requested entity was not found.
[2025-11-06 16:15:46] ERROR: Error fetching products: Requested entity was not found.
[2025-11-06 16:16:03] INFO: 🚀 Webhook server started on port 3000
[2025-11-06 16:16:05] INFO: Webhook registered.
[2025-11-06 16:16:06] INFO: callback_query | From: SM Htet (smhtet03 | 1616623408) | Message: buy
[2025-11-06 16:16:09] ERROR: Error fetching products: Requested entity was not found.
[2025-11-06 16:16:09] ERROR: Error fetching products: Requested entity was not found.
[2025-11-06 16:16:41] INFO: 🚀 Webhook server started on port 3000
[2025-11-06 16:16:43] INFO: Webhook registered.
[2025-11-06 16:16:44] INFO: callback_query | From: SM Htet (smhtet03 | 1616623408) | Message: buy
[2025-11-06 16:16:46] ERROR: Error fetching products: Requested entity was not found.
[2025-11-06 16:16:46] ERROR: Error fetching products: Requested entity was not found.
[2025-11-06 16:17:02] INFO: 🚀 Webhook server started on port 3000
[2025-11-06 16:17:03] INFO: 🚀 Webhook server started on port 3000
[2025-11-06 16:17:05] INFO: Webhook registered.
[2025-11-06 16:17:08] INFO: callback_query | From: SM Htet (smhtet03 | 1616623408) | Message: buy
[2025-11-06 16:17:10] ERROR: Callback handling error: Requested entity was not found.
[2025-11-06 16:31:54] INFO: callback_query | From: SM Htet (smhtet03 | 1616623408) | Message: buy
[2025-11-06 16:31:56] ERROR: Callback handling error: Requested entity was not found.
[2025-11-06 16:32:23] INFO: 🚀 Webhook server started on port 3000
[2025-11-06 16:32:25] INFO: Webhook registered.
[2025-11-06 16:32:28] INFO: callback_query | From: SM Htet (smhtet03 | 1616623408) | Message: buy
[2025-11-06 16:32:30] ERROR: Callback handling error: Requested entity was not found.
[2025-11-06 16:36:05] INFO: 🚀 Webhook server started on port 3000
[2025-11-06 16:36:08] INFO: 🚀 Webhook server started on port 3000
[2025-11-06 16:36:09] INFO: Webhook registered.
[2025-11-06 16:41:38] INFO: callback_query | From: SM Htet (smhtet03 | 1616623408) | Message: buy
[2025-11-06 16:41:38] ERROR: Callback handling error: sheetId is not defined
[2025-11-06 16:41:58] INFO: 🚀 Webhook server started on port 3000
[2025-11-06 16:42:00] INFO: Webhook registered.
[2025-11-06 16:42:02] INFO: 🚀 Webhook server started on port 3000
[2025-11-06 16:42:04] INFO: Webhook registered.
[2025-11-06 16:42:06] INFO: 🚀 Webhook server started on port 3000
[2025-11-06 16:42:07] INFO: Webhook registered.
[2025-11-06 16:42:10] INFO: callback_query | From: SM Htet (smhtet03 | 1616623408) | Message: buy
[2025-11-06 16:42:14] ERROR: Callback handling error: Requested entity was not found.
[2025-11-06 16:43:20] INFO: 🚀 Webhook server started on port 3000
[2025-11-06 16:43:21] INFO: Webhook registered.
[2025-11-06 16:43:25] INFO: callback_query | From: SM Htet (smhtet03 | 1616623408) | Message: buy
[2025-11-06 16:43:28] ERROR: Callback handling error: The caller does not have permission
[2025-11-06 16:43:41] INFO: 🚀 Webhook server started on port 3000
[2025-11-06 16:43:43] INFO: Webhook registered.
[2025-11-06 16:43:45] INFO: 🚀 Webhook server started on port 3000
[2025-11-06 16:43:46] INFO: Webhook registered.
[2025-11-06 16:47:22] INFO: callback_query | From: SM Htet (smhtet03 | 1616623408) | Message: buy
[2025-11-06 16:47:25] ERROR: Callback handling error: The caller does not have permission
[2025-11-06 16:48:12] INFO: callback_query | From: SM Htet (smhtet03 | 1616623408) | Message: buy
[2025-11-06 16:49:21] INFO: 🚀 Webhook server started on port 3000
[2025-11-06 16:49:23] INFO: Webhook registered.
[2025-11-06 16:49:28] INFO: callback_query | From: SM Htet (smhtet03 | 1616623408) | Message: buy
[2025-11-06 16:50:36] INFO: 🚀 Webhook server started on port 3000
[2025-11-06 16:50:38] INFO: Webhook registered.
[2025-11-06 16:50:49] INFO: 🚀 Webhook server started on port 3000
[2025-11-06 16:50:50] INFO: Webhook registered.
[2025-11-06 16:50:53] INFO: callback_query | From: SM Htet (smhtet03 | 1616623408) | Message: buy
[2025-11-06 16:50:57] INFO: callback_query | From: SM Htet (smhtet03 | 1616623408) | Message: buy
[2025-11-06 16:52:42] INFO: 🚀 Webhook server started on port 3000
[2025-11-06 16:52:43] INFO: Webhook registered.
[2025-11-06 16:53:10] INFO: 🚀 Webhook server started on port 3000
[2025-11-06 16:53:12] INFO: Webhook registered.
[2025-11-06 16:53:22] INFO: 🚀 Webhook server started on port 3000
[2025-11-06 16:53:23] INFO: Webhook registered.
[2025-11-06 16:53:25] INFO: 🚀 Webhook server started on port 3000
[2025-11-06 16:53:26] INFO: Webhook registered.
[2025-11-06 16:58:07] INFO: 🚀 Webhook server started on port 3000
[2025-11-06 16:58:09] INFO: Webhook registered.
